0 silly input [ 'publish' ]
1 silly flags { _: [ 'publish' ] }
2 verbose rootPath /Users/nick/dev/conventions
3 info version 2.0.0
4 silly isInitialized
5 silly isInitialized true
6 silly existsSync /Users/nick/dev/conventions/VERSION
7 silly initialize attempt
8 info current version 0.0.0
9 silly getUpdates
10 info Checking for updated packages...
11 silly hasTags
12 verbose hasTags false
13 info Comparing with initial commit.
14 verbose updated eslint-config-kreativgebiet
15 verbose updated stylelint-config-kreativgebiet
16 silly collectDependents
17 silly isPackageDependentOf eslint-config-kreativgebiet eslint-config-kreativgebiet
18 silly isPackageDependentOf eslint-config-kreativgebiet stylelint-config-kreativgebiet
19 silly isPackageDependentOf stylelint-config-kreativgebiet eslint-config-kreativgebiet
20 silly isPackageDependentOf stylelint-config-kreativgebiet stylelint-config-kreativgebiet
21 silly collectUpdates
22 verbose has filtered update eslint-config-kreativgebiet
23 verbose has filtered update stylelint-config-kreativgebiet
24 silly initialize success
25 silly execute attempt
26 silly isDetachedHead
27 silly getCurrentBranch
28 verbose getCurrentBranch master
29 verbose isDetachedHead false
30 silly addFile /Users/nick/dev/conventions/lerna.json
31 silly addFile /Users/nick/dev/conventions/packages/eslint-config-kreativgebiet/package.json
32 silly addFile /Users/nick/dev/conventions/packages/stylelint-config-kreativgebiet/package.json
33 silly commit v0.1.0
34 verbose commit [ 'commit', '-m', 'v0.1.0' ]
35 silly addTag v0.1.0
36 info publish Publishing packages to npm...
37 silly existsSync /Users/nick/dev/conventions/packages/eslint-config-kreativgebiet/scripts/prepublish.js
38 verbose execScript No prepublish script found at /Users/nick/dev/conventions/packages/eslint-config-kreativgebiet/scripts/prepublish.js
39 silly existsSync /Users/nick/dev/conventions/packages/stylelint-config-kreativgebiet/scripts/prepublish.js
40 verbose execScript No prepublish script found at /Users/nick/dev/conventions/packages/stylelint-config-kreativgebiet/scripts/prepublish.js
41 verbose publishing eslint-config-kreativgebiet
42 silly publishTaggedInDir latest eslint-config-kreativgebiet
43 silly getExecOpts { cwd: '/Users/nick/dev/conventions/packages/eslint-config-kreativgebiet' }
44 verbose publishing stylelint-config-kreativgebiet
45 silly publishTaggedInDir latest stylelint-config-kreativgebiet
46 silly getExecOpts { cwd: '/Users/nick/dev/conventions/packages/stylelint-config-kreativgebiet' }
47 error publish Retrying failed publish: stylelint-config-kreativgebiet
48 verbose publish error Error: Command failed: npm publish --tag latest
48 verbose publish error npm ERR! Darwin 16.4.0
48 verbose publish error npm ERR! argv "/usr/local/Cellar/node/7.9.0/bin/node" "/usr/local/bin/npm" "publish" "--tag" "latest"
48 verbose publish error npm ERR! node v7.9.0
48 verbose publish error npm ERR! npm  v4.2.0
48 verbose publish error npm ERR! code ENEEDAUTH
48 verbose publish error
48 verbose publish error npm ERR! need auth auth required for publishing
48 verbose publish error npm ERR! need auth You need to authorize this machine using `npm adduser`
48 verbose publish error
48 verbose publish error npm ERR! Please include the following file with any support request:
48 verbose publish error npm ERR!     /Users/nick/.npm/_logs/2017-08-16T16_45_49_435Z-debug.log
48 verbose publish error
48 verbose publish error     at Promise.all.then.arr (/Users/nick/dev/conventions/node_modules/execa/index.js:210:11)
48 verbose publish error     at process._tickCallback (internal/process/next_tick.js:109:7)
49 verbose publishing stylelint-config-kreativgebiet
50 silly publishTaggedInDir latest stylelint-config-kreativgebiet
51 silly getExecOpts { cwd: '/Users/nick/dev/conventions/packages/stylelint-config-kreativgebiet' }
52 error publish Retrying failed publish: eslint-config-kreativgebiet
53 verbose publish error Error: Command failed: npm publish --tag latest
53 verbose publish error npm ERR! Darwin 16.4.0
53 verbose publish error npm ERR! argv "/usr/local/Cellar/node/7.9.0/bin/node" "/usr/local/bin/npm" "publish" "--tag" "latest"
53 verbose publish error npm ERR! node v7.9.0
53 verbose publish error npm ERR! npm  v4.2.0
53 verbose publish error npm ERR! code ENEEDAUTH
53 verbose publish error
53 verbose publish error npm ERR! need auth auth required for publishing
53 verbose publish error npm ERR! need auth You need to authorize this machine using `npm adduser`
53 verbose publish error
53 verbose publish error npm ERR! Please include the following file with any support request:
53 verbose publish error npm ERR!     /Users/nick/.npm/_logs/2017-08-16T16_45_49_477Z-debug.log
53 verbose publish error
53 verbose publish error     at Promise.all.then.arr (/Users/nick/dev/conventions/node_modules/execa/index.js:210:11)
53 verbose publish error     at process._tickCallback (internal/process/next_tick.js:109:7)
54 verbose publishing eslint-config-kreativgebiet
55 silly publishTaggedInDir latest eslint-config-kreativgebiet
56 silly getExecOpts { cwd: '/Users/nick/dev/conventions/packages/eslint-config-kreativgebiet' }
57 error publish Retrying failed publish: stylelint-config-kreativgebiet
58 verbose publish error Error: Command failed: npm publish --tag latest
58 verbose publish error npm ERR! Darwin 16.4.0
58 verbose publish error npm ERR! argv "/usr/local/Cellar/node/7.9.0/bin/node" "/usr/local/bin/npm" "publish" "--tag" "latest"
58 verbose publish error npm ERR! node v7.9.0
58 verbose publish error npm ERR! npm  v4.2.0
58 verbose publish error npm ERR! code ENEEDAUTH
58 verbose publish error
58 verbose publish error npm ERR! need auth auth required for publishing
58 verbose publish error npm ERR! need auth You need to authorize this machine using `npm adduser`
58 verbose publish error
58 verbose publish error npm ERR! Please include the following file with any support request:
58 verbose publish error npm ERR!     /Users/nick/.npm/_logs/2017-08-16T16_45_49_908Z-debug.log
58 verbose publish error
58 verbose publish error     at Promise.all.then.arr (/Users/nick/dev/conventions/node_modules/execa/index.js:210:11)
58 verbose publish error     at process._tickCallback (internal/process/next_tick.js:109:7)
59 verbose publishing stylelint-config-kreativgebiet
60 silly publishTaggedInDir latest stylelint-config-kreativgebiet
61 silly getExecOpts { cwd: '/Users/nick/dev/conventions/packages/stylelint-config-kreativgebiet' }
62 error publish Retrying failed publish: eslint-config-kreativgebiet
63 verbose publish error Error: Command failed: npm publish --tag latest
63 verbose publish error npm ERR! Darwin 16.4.0
63 verbose publish error npm ERR! argv "/usr/local/Cellar/node/7.9.0/bin/node" "/usr/local/bin/npm" "publish" "--tag" "latest"
63 verbose publish error npm ERR! node v7.9.0
63 verbose publish error npm ERR! npm  v4.2.0
63 verbose publish error npm ERR! code ENEEDAUTH
63 verbose publish error
63 verbose publish error npm ERR! need auth auth required for publishing
63 verbose publish error npm ERR! need auth You need to authorize this machine using `npm adduser`
63 verbose publish error
63 verbose publish error npm ERR! Please include the following file with any support request:
63 verbose publish error npm ERR!     /Users/nick/.npm/_logs/2017-08-16T16_45_49_977Z-debug.log
63 verbose publish error
63 verbose publish error     at Promise.all.then.arr (/Users/nick/dev/conventions/node_modules/execa/index.js:210:11)
63 verbose publish error     at process._tickCallback (internal/process/next_tick.js:109:7)
64 verbose publishing eslint-config-kreativgebiet
65 silly publishTaggedInDir latest eslint-config-kreativgebiet
66 silly getExecOpts { cwd: '/Users/nick/dev/conventions/packages/eslint-config-kreativgebiet' }
67 error publish Retrying failed publish: stylelint-config-kreativgebiet
68 verbose publish error Error: Command failed: npm publish --tag latest
68 verbose publish error npm ERR! Darwin 16.4.0
68 verbose publish error npm ERR! argv "/usr/local/Cellar/node/7.9.0/bin/node" "/usr/local/bin/npm" "publish" "--tag" "latest"
68 verbose publish error npm ERR! node v7.9.0
68 verbose publish error npm ERR! npm  v4.2.0
68 verbose publish error npm ERR! code ENEEDAUTH
68 verbose publish error
68 verbose publish error npm ERR! need auth auth required for publishing
68 verbose publish error npm ERR! need auth You need to authorize this machine using `npm adduser`
68 verbose publish error
68 verbose publish error npm ERR! Please include the following file with any support request:
68 verbose publish error npm ERR!     /Users/nick/.npm/_logs/2017-08-16T16_45_50_430Z-debug.log
68 verbose publish error
68 verbose publish error     at Promise.all.then.arr (/Users/nick/dev/conventions/node_modules/execa/index.js:210:11)
68 verbose publish error     at process._tickCallback (internal/process/next_tick.js:109:7)
69 verbose publishing stylelint-config-kreativgebiet
70 silly publishTaggedInDir latest stylelint-config-kreativgebiet
71 silly getExecOpts { cwd: '/Users/nick/dev/conventions/packages/stylelint-config-kreativgebiet' }
72 error publish Retrying failed publish: eslint-config-kreativgebiet
73 verbose publish error Error: Command failed: npm publish --tag latest
73 verbose publish error npm ERR! Darwin 16.4.0
73 verbose publish error npm ERR! argv "/usr/local/Cellar/node/7.9.0/bin/node" "/usr/local/bin/npm" "publish" "--tag" "latest"
73 verbose publish error npm ERR! node v7.9.0
73 verbose publish error npm ERR! npm  v4.2.0
73 verbose publish error npm ERR! code ENEEDAUTH
73 verbose publish error
73 verbose publish error npm ERR! need auth auth required for publishing
73 verbose publish error npm ERR! need auth You need to authorize this machine using `npm adduser`
73 verbose publish error
73 verbose publish error npm ERR! Please include the following file with any support request:
73 verbose publish error npm ERR!     /Users/nick/.npm/_logs/2017-08-16T16_45_50_550Z-debug.log
73 verbose publish error
73 verbose publish error     at Promise.all.then.arr (/Users/nick/dev/conventions/node_modules/execa/index.js:210:11)
73 verbose publish error     at process._tickCallback (internal/process/next_tick.js:109:7)
74 verbose publishing eslint-config-kreativgebiet
75 silly publishTaggedInDir latest eslint-config-kreativgebiet
76 silly getExecOpts { cwd: '/Users/nick/dev/conventions/packages/eslint-config-kreativgebiet' }
77 error publish Retrying failed publish: stylelint-config-kreativgebiet
78 verbose publish error Error: Command failed: npm publish --tag latest
78 verbose publish error npm ERR! Darwin 16.4.0
78 verbose publish error npm ERR! argv "/usr/local/Cellar/node/7.9.0/bin/node" "/usr/local/bin/npm" "publish" "--tag" "latest"
78 verbose publish error npm ERR! node v7.9.0
78 verbose publish error npm ERR! npm  v4.2.0
78 verbose publish error npm ERR! code ENEEDAUTH
78 verbose publish error
78 verbose publish error npm ERR! need auth auth required for publishing
78 verbose publish error npm ERR! need auth You need to authorize this machine using `npm adduser`
78 verbose publish error
78 verbose publish error npm ERR! Please include the following file with any support request:
78 verbose publish error npm ERR!     /Users/nick/.npm/_logs/2017-08-16T16_45_50_950Z-debug.log
78 verbose publish error
78 verbose publish error     at Promise.all.then.arr (/Users/nick/dev/conventions/node_modules/execa/index.js:210:11)
78 verbose publish error     at process._tickCallback (internal/process/next_tick.js:109:7)
79 verbose publishing stylelint-config-kreativgebiet
80 silly publishTaggedInDir latest stylelint-config-kreativgebiet
81 silly getExecOpts { cwd: '/Users/nick/dev/conventions/packages/stylelint-config-kreativgebiet' }
82 error publish Retrying failed publish: eslint-config-kreativgebiet
83 verbose publish error Error: Command failed: npm publish --tag latest
83 verbose publish error npm ERR! Darwin 16.4.0
83 verbose publish error npm ERR! argv "/usr/local/Cellar/node/7.9.0/bin/node" "/usr/local/bin/npm" "publish" "--tag" "latest"
83 verbose publish error npm ERR! node v7.9.0
83 verbose publish error npm ERR! npm  v4.2.0
83 verbose publish error npm ERR! code ENEEDAUTH
83 verbose publish error
83 verbose publish error npm ERR! need auth auth required for publishing
83 verbose publish error npm ERR! need auth You need to authorize this machine using `npm adduser`
83 verbose publish error
83 verbose publish error npm ERR! Please include the following file with any support request:
83 verbose publish error npm ERR!     /Users/nick/.npm/_logs/2017-08-16T16_45_51_188Z-debug.log
83 verbose publish error
83 verbose publish error     at Promise.all.then.arr (/Users/nick/dev/conventions/node_modules/execa/index.js:210:11)
83 verbose publish error     at process._tickCallback (internal/process/next_tick.js:109:7)
84 verbose publishing eslint-config-kreativgebiet
85 silly publishTaggedInDir latest eslint-config-kreativgebiet
86 silly getExecOpts { cwd: '/Users/nick/dev/conventions/packages/eslint-config-kreativgebiet' }
87 error publish Ran out of retries while publishing stylelint-config-kreativgebiet Error: Command failed: npm publish --tag latest
87 error publish npm ERR! Darwin 16.4.0
87 error publish npm ERR! argv "/usr/local/Cellar/node/7.9.0/bin/node" "/usr/local/bin/npm" "publish" "--tag" "latest"
87 error publish npm ERR! node v7.9.0
87 error publish npm ERR! npm  v4.2.0
87 error publish npm ERR! code ENEEDAUTH
87 error publish
87 error publish npm ERR! need auth auth required for publishing
87 error publish npm ERR! need auth You need to authorize this machine using `npm adduser`
87 error publish
87 error publish npm ERR! Please include the following file with any support request:
87 error publish npm ERR!     /Users/nick/.npm/_logs/2017-08-16T16_45_51_604Z-debug.log
87 error publish
87 error publish     at Promise.all.then.arr (/Users/nick/dev/conventions/node_modules/execa/index.js:210:11)
87 error publish     at process._tickCallback (internal/process/next_tick.js:109:7)
88 error execute callback with error
88 error execute  Error: Command failed: npm publish --tag latest
88 error execute npm ERR! Darwin 16.4.0
88 error execute npm ERR! argv "/usr/local/Cellar/node/7.9.0/bin/node" "/usr/local/bin/npm" "publish" "--tag" "latest"
88 error execute npm ERR! node v7.9.0
88 error execute npm ERR! npm  v4.2.0
88 error execute npm ERR! code ENEEDAUTH
88 error execute
88 error execute npm ERR! need auth auth required for publishing
88 error execute npm ERR! need auth You need to authorize this machine using `npm adduser`
88 error execute
88 error execute npm ERR! Please include the following file with any support request:
88 error execute npm ERR!     /Users/nick/.npm/_logs/2017-08-16T16_45_51_604Z-debug.log
88 error execute
88 error execute     at Promise.all.then.arr (/Users/nick/dev/conventions/node_modules/execa/index.js:210:11)
88 error execute     at process._tickCallback (internal/process/next_tick.js:109:7)
